This is pdfTeX, Version 3.1415926-2.5-1.40.14 (TeX Live 2013/TeX Live for SUSE Linux) (format=pdflatex 2015.8.26)  1 MAR 2016 15:07
entering extended mode
 restricted \write18 enabled.
 %&-line parsing enabled.
**thesis.tex
(./thesis.tex
LaTeX2e <2011/06/27>
Babel <3.9f> and hyphenation patterns for 78 languages loaded.
(/usr/share/texmf/tex/latex/koma-script/scrartcl.cls
Document Class: scrartcl 2012/07/29 v3.11b KOMA-Script document class (article)

(/usr/share/texmf/tex/latex/koma-script/scrkbase.sty
Package: scrkbase 2012/07/29 v3.11b KOMA-Script package (KOMA-Script-dependent 
basics and keyval usage)

(/usr/share/texmf/tex/latex/koma-script/scrbase.sty
Package: scrbase 2012/07/29 v3.11b KOMA-Script package (KOMA-Script-independent
 basics and keyval usage)

(/usr/share/texmf/tex/latex/graphics/keyval.sty
Package: keyval 1999/03/16 v1.13 key=value parser (DPC)
\KV@toks@=\toks14
)
(/usr/share/texmf/tex/latex/koma-script/scrlfile.sty
Package: scrlfile 2012/06/15 v3.12 KOMA-Script package (loading files)

Package scrlfile, 2012/06/15 v3.12 KOMA-Script package (loading files)
                  Copyright (C) Markus Kohm

))) (/usr/share/texmf/tex/latex/koma-script/tocbasic.sty
Package: tocbasic 2012/04/04 v3.10b KOMA-Script package (handling toc-files)
)
Package tocbasic Info: omitting babel extension for `toc'
(tocbasic)             because of feature `nobabel' available
(tocbasic)             for `toc' on input line 115.
Package tocbasic Info: omitting babel extension for `lof'
(tocbasic)             because of feature `nobabel' available
(tocbasic)             for `lof' on input line 116.
Package tocbasic Info: omitting babel extension for `lot'
(tocbasic)             because of feature `nobabel' available
(tocbasic)             for `lot' on input line 117.
Package scrartcl Info: You've used obsolete option `12pt'.
(scrartcl)             \KOMAExecuteOptions{fontsize=12pt} will be
(scrartcl)             used instead.
(scrartcl)             You may simply replace `12pt'
(scrartcl)             by `fontsize=12pt'.
Class scrartcl Info: You've used standard option `abstracton'.
(scrartcl)           This is correct!
(scrartcl)           Internally I'm using `abstract=true'.
(scrartcl)           If you'd like to set the option with \KOMAoptions,
(scrartcl)           you'd have to use `abstract=true' there
(scrartcl)           instead of `abstracton', too.
Class scrartcl Info: File `scrsize12pt.clo' used to setup font sizes on input l
ine 1267.

(/usr/share/texmf/tex/latex/koma-script/scrsize12pt.clo
File: scrsize12pt.clo 2012/07/29 v3.11b KOMA-Script font size class option (12p
t)
)
(/usr/share/texmf/tex/latex/koma-script/typearea.sty
Package: typearea 2012/07/29 v3.11b KOMA-Script package (type area)

Package typearea, 2012/07/29 v3.11b KOMA-Script package (type area)
                  Copyright (C) Frank Neukam, 1992-1994
                  Copyright (C) Markus Kohm, 1994-

\ta@bcor=\skip41
\ta@div=\count79
Package typearea Info: You've used standard option `a4paper'.
(typearea)             This is correct!
(typearea)             Internally I'm using `paper=a4'.
(typearea)             If you'd like to set the option with \KOMAoptions,
(typearea)             you'd have to use `paper=a4' there
(typearea)             instead of `a4paper', too.
\ta@hblk=\skip42
\ta@vblk=\skip43
\ta@temp=\skip44
Package typearea Info: These are the values describing the layout:
(typearea)             DIV  = 12
(typearea)             BCOR = 0.0pt
(typearea)             \paperwidth      = 597.50793pt
(typearea)              \textwidth      = 448.13095pt
(typearea)              DIV departure   = -6%
(typearea)              \evensidemargin = 2.4185pt
(typearea)              \oddsidemargin  = 2.4185pt
(typearea)             \paperheight     = 845.04694pt
(typearea)              \textheight     = 635.5pt
(typearea)              \topmargin      = -41.72441pt
(typearea)              \headheight     = 18.125pt
(typearea)              \headsep        = 21.75pt
(typearea)              \topskip        = 12.0pt
(typearea)              \footskip       = 50.75pt
(typearea)              \baselineskip   = 14.5pt
(typearea)              on input line 1213.
)
\c@part=\count80
\c@section=\count81
\c@subsection=\count82
\c@subsubsection=\count83
\c@paragraph=\count84
\c@subparagraph=\count85
\abovecaptionskip=\skip45
\belowcaptionskip=\skip46
\c@pti@nb@sid@b@x=\box26
\c@figure=\count86
\c@table=\count87
\bibindent=\dimen102
) (/usr/share/texmf/tex/generic/babel/babel.sty
Package: babel 2013/05/16 v3.9f The Babel package

(/usr/share/texmf/tex/generic/babel-german/ngermanb.ldf
Language: ngermanb 2008/07/06 v2.6n new German support from the babel system

(/usr/share/texmf/tex/generic/babel/babel.def
File: babel.def 2013/05/16 v3.9f Babel common definitions
\babel@savecnt=\count88
\U@D=\dimen103
)
\l@naustrian = a dialect from \language\l@ngerman 
Package babel Info: Making " an active character on input line 92.
)
(/usr/share/texmf/tex/generic/babel-english/english.ldf
Language: english 2012/08/20 v3.3p English support from the babel system
\l@canadian = a dialect from \language\l@american 
\l@australian = a dialect from \language\l@british 
\l@newzealand = a dialect from \language\l@british 
))
(/usr/share/texmf/tex/latex/base/inputenc.sty
Package: inputenc 2008/03/30 v1.1d Input encoding file
\inpenc@prehook=\toks15
\inpenc@posthook=\toks16

(/usr/share/texmf/tex/latex/base/utf8.def
File: utf8.def 2008/04/05 v1.1m UTF-8 support for inputenc
Now handling font encoding OML ...
... no UTF-8 mapping file for font encoding OML
Now handling font encoding T1 ...
... processing UTF-8 mapping file for font encoding T1

(/usr/share/texmf/tex/latex/base/t1enc.dfu
File: t1enc.dfu 2008/04/05 v1.1m UTF-8 support for inputenc
   defining Unicode char U+00A1 (decimal 161)
   defining Unicode char U+00A3 (decimal 163)
   defining Unicode char U+00AB (decimal 171)
   defining Unicode char U+00BB (decimal 187)
   defining Unicode char U+00BF (decimal 191)
   defining Unicode char U+00C0 (decimal 192)
   defining Unicode char U+00C1 (decimal 193)
   defining Unicode char U+00C2 (decimal 194)
   defining Unicode char U+00C3 (decimal 195)
   defining Unicode char U+00C4 (decimal 196)
   defining Unicode char U+00C5 (decimal 197)
   defining Unicode char U+00C6 (decimal 198)
   defining Unicode char U+00C7 (decimal 199)
   defining Unicode char U+00C8 (decimal 200)
   defining Unicode char U+00C9 (decimal 201)
   defining Unicode char U+00CA (decimal 202)
   defining Unicode char U+00CB (decimal 203)
   defining Unicode char U+00CC (decimal 204)
   defining Unicode char U+00CD (decimal 205)
   defining Unicode char U+00CE (decimal 206)
   defining Unicode char U+00CF (decimal 207)
   defining Unicode char U+00D0 (decimal 208)
   defining Unicode char U+00D1 (decimal 209)
   defining Unicode char U+00D2 (decimal 210)
   defining Unicode char U+00D3 (decimal 211)
   defining Unicode char U+00D4 (decimal 212)
   defining Unicode char U+00D5 (decimal 213)
   defining Unicode char U+00D6 (decimal 214)
   defining Unicode char U+00D8 (decimal 216)
   defining Unicode char U+00D9 (decimal 217)
   defining Unicode char U+00DA (decimal 218)
   defining Unicode char U+00DB (decimal 219)
   defining Unicode char U+00DC (decimal 220)
   defining Unicode char U+00DD (decimal 221)
   defining Unicode char U+00DE (decimal 222)
   defining Unicode char U+00DF (decimal 223)
   defining Unicode char U+00E0 (decimal 224)
   defining Unicode char U+00E1 (decimal 225)
   defining Unicode char U+00E2 (decimal 226)
   defining Unicode char U+00E3 (decimal 227)
   defining Unicode char U+00E4 (decimal 228)
   defining Unicode char U+00E5 (decimal 229)
   defining Unicode char U+00E6 (decimal 230)
   defining Unicode char U+00E7 (decimal 231)
   defining Unicode char U+00E8 (decimal 232)
   defining Unicode char U+00E9 (decimal 233)
   defining Unicode char U+00EA (decimal 234)
   defining Unicode char U+00EB (decimal 235)
   defining Unicode char U+00EC (decimal 236)
   defining Unicode char U+00ED (decimal 237)
   defining Unicode char U+00EE (decimal 238)
   defining Unicode char U+00EF (decimal 239)
   defining Unicode char U+00F0 (decimal 240)
   defining Unicode char U+00F1 (decimal 241)
   defining Unicode char U+00F2 (decimal 242)
   defining Unicode char U+00F3 (decimal 243)
   defining Unicode char U+00F4 (decimal 244)
   defining Unicode char U+00F5 (decimal 245)
   defining Unicode char U+00F6 (decimal 246)
   defining Unicode char U+00F8 (decimal 248)
   defining Unicode char U+00F9 (decimal 249)
   defining Unicode char U+00FA (decimal 250)
   defining Unicode char U+00FB (decimal 251)
   defining Unicode char U+00FC (decimal 252)
   defining Unicode char U+00FD (decimal 253)
   defining Unicode char U+00FE (decimal 254)
   defining Unicode char U+00FF (decimal 255)
   defining Unicode char U+0102 (decimal 258)
   defining Unicode char U+0103 (decimal 259)
   defining Unicode char U+0104 (decimal 260)
   defining Unicode char U+0105 (decimal 261)
   defining Unicode char U+0106 (decimal 262)
   defining Unicode char U+0107 (decimal 263)
   defining Unicode char U+010C (decimal 268)
   defining Unicode char U+010D (decimal 269)
   defining Unicode char U+010E (decimal 270)
   defining Unicode char U+010F (decimal 271)
   defining Unicode char U+0110 (decimal 272)
   defining Unicode char U+0111 (decimal 273)
   defining Unicode char U+0118 (decimal 280)
   defining Unicode char U+0119 (decimal 281)
   defining Unicode char U+011A (decimal 282)
   defining Unicode char U+011B (decimal 283)
   defining Unicode char U+011E (decimal 286)
   defining Unicode char U+011F (decimal 287)
   defining Unicode char U+0130 (decimal 304)
   defining Unicode char U+0131 (decimal 305)
   defining Unicode char U+0132 (decimal 306)
   defining Unicode char U+0133 (decimal 307)
   defining Unicode char U+0139 (decimal 313)
   defining Unicode char U+013A (decimal 314)
   defining Unicode char U+013D (decimal 317)
   defining Unicode char U+013E (decimal 318)
   defining Unicode char U+0141 (decimal 321)
   defining Unicode char U+0142 (decimal 322)
   defining Unicode char U+0143 (decimal 323)
   defining Unicode char U+0144 (decimal 324)
   defining Unicode char U+0147 (decimal 327)
   defining Unicode char U+0148 (decimal 328)
   defining Unicode char U+014A (decimal 330)
   defining Unicode char U+014B (decimal 331)
   defining Unicode char U+0150 (decimal 336)
   defining Unicode char U+0151 (decimal 337)
   defining Unicode char U+0152 (decimal 338)
   defining Unicode char U+0153 (decimal 339)
   defining Unicode char U+0154 (decimal 340)
   defining Unicode char U+0155 (decimal 341)
   defining Unicode char U+0158 (decimal 344)
   defining Unicode char U+0159 (decimal 345)
   defining Unicode char U+015A (decimal 346)
   defining Unicode char U+015B (decimal 347)
   defining Unicode char U+015E (decimal 350)
   defining Unicode char U+015F (decimal 351)
   defining Unicode char U+0160 (decimal 352)
   defining Unicode char U+0161 (decimal 353)
   defining Unicode char U+0162 (decimal 354)
   defining Unicode char U+0163 (decimal 355)
   defining Unicode char U+0164 (decimal 356)
   defining Unicode char U+0165 (decimal 357)
   defining Unicode char U+016E (decimal 366)
   defining Unicode char U+016F (decimal 367)
   defining Unicode char U+0170 (decimal 368)
   defining Unicode char U+0171 (decimal 369)
   defining Unicode char U+0178 (decimal 376)
   defining Unicode char U+0179 (decimal 377)
   defining Unicode char U+017A (decimal 378)
   defining Unicode char U+017B (decimal 379)
   defining Unicode char U+017C (decimal 380)
   defining Unicode char U+017D (decimal 381)
   defining Unicode char U+017E (decimal 382)
   defining Unicode char U+200C (decimal 8204)
   defining Unicode char U+2013 (decimal 8211)
   defining Unicode char U+2014 (decimal 8212)
   defining Unicode char U+2018 (decimal 8216)
   defining Unicode char U+2019 (decimal 8217)
   defining Unicode char U+201A (decimal 8218)
   defining Unicode char U+201C (decimal 8220)
   defining Unicode char U+201D (decimal 8221)
   defining Unicode char U+201E (decimal 8222)
   defining Unicode char U+2030 (decimal 8240)
   defining Unicode char U+2031 (decimal 8241)
   defining Unicode char U+2039 (decimal 8249)
   defining Unicode char U+203A (decimal 8250)
   defining Unicode char U+2423 (decimal 9251)
)
Now handling font encoding OT1 ...
... processing UTF-8 mapping file for font encoding OT1

(/usr/share/texmf/tex/latex/base/ot1enc.dfu
File: ot1enc.dfu 2008/04/05 v1.1m UTF-8 support for inputenc
   defining Unicode char U+00A1 (decimal 161)
   defining Unicode char U+00A3 (decimal 163)
   defining Unicode char U+00B8 (decimal 184)
   defining Unicode char U+00BF (decimal 191)
   defining Unicode char U+00C5 (decimal 197)
   defining Unicode char U+00C6 (decimal 198)
   defining Unicode char U+00D8 (decimal 216)
   defining Unicode char U+00DF (decimal 223)
   defining Unicode char U+00E6 (decimal 230)
   defining Unicode char U+00EC (decimal 236)
   defining Unicode char U+00ED (decimal 237)
   defining Unicode char U+00EE (decimal 238)
   defining Unicode char U+00EF (decimal 239)
   defining Unicode char U+00F8 (decimal 248)
   defining Unicode char U+0131 (decimal 305)
   defining Unicode char U+0141 (decimal 321)
   defining Unicode char U+0142 (decimal 322)
   defining Unicode char U+0152 (decimal 338)
   defining Unicode char U+0153 (decimal 339)
   defining Unicode char U+2013 (decimal 8211)
   defining Unicode char U+2014 (decimal 8212)
   defining Unicode char U+2018 (decimal 8216)
   defining Unicode char U+2019 (decimal 8217)
   defining Unicode char U+201C (decimal 8220)
   defining Unicode char U+201D (decimal 8221)
)
Now handling font encoding OMS ...
... processing UTF-8 mapping file for font encoding OMS

(/usr/share/texmf/tex/latex/base/omsenc.dfu
File: omsenc.dfu 2008/04/05 v1.1m UTF-8 support for inputenc
   defining Unicode char U+00A7 (decimal 167)
   defining Unicode char U+00B6 (decimal 182)
   defining Unicode char U+00B7 (decimal 183)
   defining Unicode char U+2020 (decimal 8224)
   defining Unicode char U+2021 (decimal 8225)
   defining Unicode char U+2022 (decimal 8226)
)
Now handling font encoding OMX ...
... no UTF-8 mapping file for font encoding OMX
Now handling font encoding U ...
... no UTF-8 mapping file for font encoding U
   defining Unicode char U+00A9 (decimal 169)
   defining Unicode char U+00AA (decimal 170)
   defining Unicode char U+00AE (decimal 174)
   defining Unicode char U+00BA (decimal 186)
   defining Unicode char U+02C6 (decimal 710)
   defining Unicode char U+02DC (decimal 732)
   defining Unicode char U+200C (decimal 8204)
   defining Unicode char U+2026 (decimal 8230)
   defining Unicode char U+2122 (decimal 8482)
   defining Unicode char U+2423 (decimal 9251)
))
(/usr/share/texmf/tex/latex/base/fontenc.sty
Package: fontenc 2005/09/27 v1.99g Standard LaTeX package

(/usr/share/texmf/tex/latex/base/t1enc.def
File: t1enc.def 2005/09/27 v1.99g Standard LaTeX file
LaTeX Font Info:    Redeclaring font encoding T1 on input line 43.
))
(/usr/share/texmf/tex/latex/graphics/graphicx.sty
Package: graphicx 1999/02/16 v1.0f Enhanced LaTeX Graphics (DPC,SPQR)

(/usr/share/texmf/tex/latex/graphics/graphics.sty
Package: graphics 2009/02/05 v1.0o Standard LaTeX Graphics (DPC,SPQR)

(/usr/share/texmf/tex/latex/graphics/trig.sty
Package: trig 1999/03/16 v1.09 sin cos tan (DPC)
)
(/usr/share/texmf/tex/latex/latexconfig/graphics.cfg
File: graphics.cfg 2010/04/23 v1.9 graphics configuration of TeX Live
)
Package graphics Info: Driver file: pdftex.def on input line 91.

(/usr/share/texmf/tex/latex/pdftex-def/pdftex.def
File: pdftex.def 2011/05/27 v0.06d Graphics/color for pdfTeX

(/usr/share/texmf/tex/generic/oberdiek/infwarerr.sty
Package: infwarerr 2010/04/08 v1.3 Providing info/warning/error messages (HO)
)
(/usr/share/texmf/tex/generic/oberdiek/ltxcmds.sty
Package: ltxcmds 2011/11/09 v1.22 LaTeX kernel commands for general use (HO)
)
\Gread@gobject=\count89
))
\Gin@req@height=\dimen104
\Gin@req@width=\dimen105
)
(/usr/share/texmf/tex/latex/lipsum/lipsum.sty
Package: lipsum 2011/04/14 v1.2 150 paragraphs of Lorem Ipsum dummy text
\c@lips@count=\count90
)
(/usr/share/texmf/tex/latex/blindtext/blindtext.sty
Package: blindtext 2012/01/06 V2.0 blindtext-Package

(/usr/share/texmf/tex/latex/tools/xspace.sty
Package: xspace 2009/10/20 v1.13 Space after command names (DPC,MH)
)
\c@blindtext=\count91
\c@Blindtext=\count92
\c@blind@countparstart=\count93
\blind@countxx=\count94
\blindtext@numBlindtext=\count95
\blind@countyy=\count96
\c@blindlist=\count97
\c@blindlistlevel=\count98
\c@blindlist@level=\count99
\blind@listitem=\count100
\c@blind@listcount=\count101
\c@blind@levelcount=\count102
\blind@mathformula=\count103
\blind@Mathformula=\count104
\c@blind@randomcount=\count105
\c@blind@randommax=\count106
\c@blind@pangramcount=\count107
\c@blind@pangrammax=\count108
)
(/usr/share/texmf/tex/latex/graphics/color.sty
Package: color 2005/11/14 v1.0j Standard LaTeX Color (DPC)

(/usr/share/texmf/tex/latex/latexconfig/color.cfg
File: color.cfg 2007/01/18 v1.5 color configuration of teTeX/TeXLive
)
Package color Info: Driver file: pdftex.def on input line 130.
)
(/usr/share/texmf/tex/latex/setspace/setspace.sty
Package: setspace 2011/12/19 v6.7a set line spacing
)
(/usr/share/texmf/tex/latex/hyperref/hyperref.sty
Package: hyperref 2012/11/06 v6.83m Hypertext links for LaTeX

(/usr/share/texmf/tex/generic/oberdiek/hobsub-hyperref.sty
Package: hobsub-hyperref 2012/05/28 v1.13 Bundle oberdiek, subset hyperref (HO)


(/usr/share/texmf/tex/generic/oberdiek/hobsub-generic.sty
Package: hobsub-generic 2012/05/28 v1.13 Bundle oberdiek, subset generic (HO)
Package: hobsub 2012/05/28 v1.13 Construct package bundles (HO)
Package hobsub Info: Skipping package `infwarerr' (already loaded).
Package hobsub Info: Skipping package `ltxcmds' (already loaded).
Package: ifluatex 2010/03/01 v1.3 Provides the ifluatex switch (HO)
Package ifluatex Info: LuaTeX not detected.
Package: ifvtex 2010/03/01 v1.5 Detect VTeX and its facilities (HO)
Package ifvtex Info: VTeX not detected.
Package: intcalc 2007/09/27 v1.1 Expandable calculations with integers (HO)
Package: ifpdf 2011/01/30 v2.3 Provides the ifpdf switch (HO)
Package ifpdf Info: pdfTeX in PDF mode is detected.
Package: etexcmds 2011/02/16 v1.5 Avoid name clashes with e-TeX commands (HO)
Package etexcmds Info: Could not find \expanded.
(etexcmds)             That can mean that you are not using pdfTeX 1.50 or
(etexcmds)             that some package has redefined \expanded.
(etexcmds)             In the latter case, load this package earlier.
Package: kvsetkeys 2012/04/25 v1.16 Key value parser (HO)
Package: kvdefinekeys 2011/04/07 v1.3 Define keys (HO)
Package: pdftexcmds 2011/11/29 v0.20 Utility functions of pdfTeX for LuaTeX (HO
)
Package pdftexcmds Info: LuaTeX not detected.
Package pdftexcmds Info: \pdf@primitive is available.
Package pdftexcmds Info: \pdf@ifprimitive is available.
Package pdftexcmds Info: \pdfdraftmode found.
Package: pdfescape 2011/11/25 v1.13 Implements pdfTeX's escape features (HO)
Package: bigintcalc 2012/04/08 v1.3 Expandable calculations on big integers (HO
)
Package: bitset 2011/01/30 v1.1 Handle bit-vector datatype (HO)
Package: uniquecounter 2011/01/30 v1.2 Provide unlimited unique counter (HO)
)
Package hobsub Info: Skipping package `hobsub' (already loaded).
Package: letltxmacro 2010/09/02 v1.4 Let assignment for LaTeX macros (HO)
Package: hopatch 2012/05/28 v1.2 Wrapper for package hooks (HO)
Package: xcolor-patch 2011/01/30 xcolor patch
Package: atveryend 2011/06/30 v1.8 Hooks at the very end of document (HO)
Package atveryend Info: \enddocument detected (standard20110627).
Package: atbegshi 2011/10/05 v1.16 At begin shipout hook (HO)
Package: refcount 2011/10/16 v3.4 Data extraction from label references (HO)
Package: hycolor 2011/01/30 v1.7 Color options for hyperref/bookmark (HO)
)
(/usr/share/texmf/tex/generic/ifxetex/ifxetex.sty
Package: ifxetex 2010/09/12 v0.6 Provides ifxetex conditional
)
(/usr/share/texmf/tex/latex/oberdiek/auxhook.sty
Package: auxhook 2011/03/04 v1.3 Hooks for auxiliary files (HO)
)
(/usr/share/texmf/tex/latex/oberdiek/kvoptions.sty
Package: kvoptions 2011/06/30 v3.11 Key value format for package options (HO)
)
\@linkdim=\dimen106
\Hy@linkcounter=\count109
\Hy@pagecounter=\count110

(/usr/share/texmf/tex/latex/hyperref/pd1enc.def
File: pd1enc.def 2012/11/06 v6.83m Hyperref: PDFDocEncoding definition (HO)
Now handling font encoding PD1 ...
... no UTF-8 mapping file for font encoding PD1
)
\Hy@SavedSpaceFactor=\count111

(/usr/share/texmf/tex/latex/latexconfig/hyperref.cfg
File: hyperref.cfg 2002/06/06 v1.2 hyperref configuration of TeXLive
)
Package hyperref Info: Hyper figures OFF on input line 4443.
Package hyperref Info: Link nesting OFF on input line 4448.
Package hyperref Info: Hyper index ON on input line 4451.
Package hyperref Info: Plain pages OFF on input line 4458.
Package hyperref Info: Backreferencing OFF on input line 4463.
Package hyperref Info: Implicit mode ON; LaTeX internals redefined.
Package hyperref Info: Bookmarks ON on input line 4688.
\c@Hy@tempcnt=\count112

(/usr/share/texmf/tex/latex/url/url.sty
\Urlmuskip=\muskip10
Package: url 2006/04/12  ver 3.3  Verb mode for urls, etc.
)
LaTeX Info: Redefining \url on input line 5041.
\XeTeXLinkMargin=\dimen107
\Fld@menulength=\count113
\Field@Width=\dimen108
\Fld@charsize=\dimen109
Package hyperref Info: Hyper figures OFF on input line 6295.
Package hyperref Info: Link nesting OFF on input line 6300.
Package hyperref Info: Hyper index ON on input line 6303.
Package hyperref Info: backreferencing OFF on input line 6310.
Package hyperref Info: Link coloring OFF on input line 6315.
Package hyperref Info: Link coloring with OCG OFF on input line 6320.
Package hyperref Info: PDF/A mode OFF on input line 6325.
LaTeX Info: Redefining \ref on input line 6365.
LaTeX Info: Redefining \pageref on input line 6369.
\Hy@abspage=\count114
\c@Item=\count115
\c@Hfootnote=\count116
)

Package hyperref Message: Driver (autodetected): hpdftex.

(/usr/share/texmf/tex/latex/hyperref/hpdftex.def
File: hpdftex.def 2012/11/06 v6.83m Hyperref driver for pdfTeX
\Fld@listcount=\count117
\c@bookmark@seq@number=\count118

(/usr/share/texmf/tex/latex/oberdiek/rerunfilecheck.sty
Package: rerunfilecheck 2011/04/15 v1.7 Rerun checks for auxiliary files (HO)
Package uniquecounter Info: New unique counter `rerunfilecheck' on input line 2
82.
)
\Hy@SectionHShift=\skip47
)
(/usr/share/texmf/tex/latex/acronym/acronym.sty
Package: acronym 2012/10/29 v1.38 Support for acronyms (Tobias Oetiker)

(/usr/share/texmf/tex/latex/bigfoot/suffix.sty
Package: suffix 2006/07/15 1.5 Variant command support
)
(/usr/share/texmf/tex/generic/xstring/xstring.sty
(/usr/share/texmf/tex/generic/xstring/xstring.tex
\@xs@message=\write3
\integerpart=\count119
\decimalpart=\count120
)
Package: xstring 2013/2/28  v1.7a  String manipulations (C Tellechea)
)
\AC@clearlist=\toks17
)
(/usr/share/texmf/tex/latex/amsmath/amsmath.sty
Package: amsmath 2013/01/14 v2.14 AMS math features
\@mathmargin=\skip48

For additional information on amsmath, use the `?' option.
(/usr/share/texmf/tex/latex/amsmath/amstext.sty
Package: amstext 2000/06/29 v2.01

(/usr/share/texmf/tex/latex/amsmath/amsgen.sty
File: amsgen.sty 1999/11/30 v2.0
\@emptytoks=\toks18
\ex@=\dimen110
))
(/usr/share/texmf/tex/latex/amsmath/amsbsy.sty
Package: amsbsy 1999/11/29 v1.2d
\pmbraise@=\dimen111
)
(/usr/share/texmf/tex/latex/amsmath/amsopn.sty
Package: amsopn 1999/12/14 v2.01 operator names
)
\inf@bad=\count121
LaTeX Info: Redefining \frac on input line 210.
\uproot@=\count122
\leftroot@=\count123
LaTeX Info: Redefining \overline on input line 306.
\classnum@=\count124
\DOTSCASE@=\count125
LaTeX Info: Redefining \ldots on input line 378.
LaTeX Info: Redefining \dots on input line 381.
LaTeX Info: Redefining \cdots on input line 466.
\Mathstrutbox@=\box27
\strutbox@=\box28
\big@size=\dimen112
LaTeX Font Info:    Redeclaring font encoding OML on input line 566.
LaTeX Font Info:    Redeclaring font encoding OMS on input line 567.
\macc@depth=\count126
\c@MaxMatrixCols=\count127
\dotsspace@=\muskip11
\c@parentequation=\count128
\dspbrk@lvl=\count129
\tag@help=\toks19
\row@=\count130
\column@=\count131
\maxfields@=\count132
\andhelp@=\toks20
\eqnshift@=\dimen113
\alignsep@=\dimen114
\tagshift@=\dimen115
\tagwidth@=\dimen116
\totwidth@=\dimen117
\lineht@=\dimen118
\@envbody=\toks21
\multlinegap=\skip49
\multlinetaggap=\skip50
\mathdisplay@stack=\toks22
LaTeX Info: Redefining \[ on input line 2665.
LaTeX Info: Redefining \] on input line 2666.
)
(/usr/share/texmf/tex/latex/amsfonts/amsfonts.sty
Package: amsfonts 2013/01/14 v3.01 Basic AMSFonts support
\symAMSa=\mathgroup4
\symAMSb=\mathgroup5
LaTeX Font Info:    Overwriting math alphabet `\mathfrak' in version `bold'
(Font)                  U/euf/m/n --> U/euf/b/n on input line 106.
)
(/usr/share/texmf/tex/latex/amsfonts/amssymb.sty
Package: amssymb 2013/01/14 v3.01 AMS font symbols
)
(/usr/share/texmf/tex/latex/adjustbox/adjustbox.sty
Package: adjustbox 2012/05/21 v1.0 Adjusting TeX boxes (trim, clip, ...)

(/usr/share/texmf/tex/latex/xkeyval/xkeyval.sty
Package: xkeyval 2012/10/14 v2.6b package option processing (HA)

(/usr/share/texmf/tex/generic/xkeyval/xkeyval.tex
\XKV@toks=\toks23
\XKV@tempa@toks=\toks24
\XKV@depth=\count133
File: xkeyval.tex 2012/10/14 v2.6b key=value parser (HA)
))
(/usr/share/texmf/tex/latex/adjustbox/adjcalc.sty
Package: adjcalc 2012/05/16 v1.1 Provides advanced setlength with multiple back
-ends (calc, etex, pgfmath)
)
(/usr/share/texmf/tex/latex/adjustbox/trimclip.sty
Package: trimclip 2012/05/16 v1.0 Trim and clip general TeX material

(/usr/share/texmf/tex/latex/collectbox/collectbox.sty
Package: collectbox 2012/05/17 v0.4b Collect macro arguments as boxes
\collectedbox=\box29
)
\tc@llx=\dimen119
\tc@lly=\dimen120
\tc@urx=\dimen121
\tc@ury=\dimen122
Package trimclip Info: Using driver 'tc-pdftex.def'.

(/usr/share/texmf/tex/latex/adjustbox/tc-pdftex.def
File: tc-pdftex.def 2012/05/13 v1.0 Clipping driver for pdftex
))
\adjbox@Width=\dimen123
\adjbox@Height=\dimen124
\adjbox@Depth=\dimen125
\adjbox@Totalheight=\dimen126

(/usr/share/texmf/tex/latex/ifoddpage/ifoddpage.sty
Package: ifoddpage 2011/09/13 v1.0 Conditionals for odd/even page detection
\c@checkoddpage=\count134
)
(/usr/share/texmf/tex/latex/varwidth/varwidth.sty
Package: varwidth 2009/03/30 ver 0.92;  Variable-width minipages
\@vwid@box=\box30
\sift@deathcycles=\count135
\@vwid@loff=\dimen127
\@vwid@roff=\dimen128
))
(/usr/share/texmf/tex/latex/caption/subcaption.sty
Package: subcaption 2013/02/03 v1.1-62 Sub-captions (AR)

(/usr/share/texmf/tex/latex/caption/caption.sty
Package: caption 2013/05/02 v3.3-89 Customizing captions (AR)

(/usr/share/texmf/tex/latex/caption/caption3.sty
Package: caption3 2013/05/02 v1.6-88 caption3 kernel (AR)
Package caption3 Info: TeX engine: e-TeX on input line 57.
\captionmargin=\dimen129
\captionmargin@=\dimen130
\captionwidth=\dimen131
\caption@tempdima=\dimen132
\caption@indent=\dimen133
\caption@parindent=\dimen134
\caption@hangindent=\dimen135
)
Package caption Info: KOMA-Script document class.
\c@ContinuedFloat=\count136
Package caption Info: hyperref package is loaded.
)
\c@subfigure=\count137
\c@subtable=\count138
)
(/usr/share/texmf/tex/latex/makecell/makecell.sty
Package: makecell 2009/08/03 V0.1e Managing of Tab Column Heads and Cells

(/usr/share/texmf/tex/latex/tools/array.sty
Package: array 2008/09/09 v2.4c Tabular extension package (FMi)
\col@sep=\dimen136
\extrarowheight=\dimen137
\NC@list=\toks25
\extratabsurround=\skip51
\backup@length=\skip52
)
\rotheadsize=\dimen138
\c@nlinenum=\count139
\TeXr@lab=\toks26
)
(/usr/share/texmf/tex/latex/units/units.sty
Package: units 1998/08/04 v0.9b Typesetting units

(/usr/share/texmf/tex/latex/base/ifthen.sty
Package: ifthen 2001/05/26 v1.1c Standard LaTeX ifthen package (DPC)
)
(/usr/share/texmf/tex/latex/units/nicefrac.sty
Package: nicefrac 1998/08/04 v0.9b Nice fractions
\L@UnitsRaiseDisplaystyle=\skip53
\L@UnitsRaiseTextstyle=\skip54
\L@UnitsRaiseScriptstyle=\skip55
))
(/usr/share/texmf/tex/latex/natbib/natbib.sty
Package: natbib 2010/09/13 8.31b (PWD, AO)
\bibhang=\skip56
\bibsep=\skip57
LaTeX Info: Redefining \cite on input line 694.
\c@NAT@ctr=\count140
) (./aas_macros.sty)
(/usr/share/texmf/tex/latex/tools/enumerate.sty
Package: enumerate 1999/03/05 v3.00 enumerate extensions (DPC)
\@enLab=\toks27
) (./thesis.aux
(./ba_titlepage.aux) (./Introduction.aux) (./Method_theory.aux) (./Analysis.aux
) (./Results_discussion.aux))
\openout1 = `thesis.aux'.

LaTeX Font Info:    Checking defaults for OML/cmm/m/it on input line 28.
LaTeX Font Info:    ... okay on input line 28.
LaTeX Font Info:    Checking defaults for T1/cmr/m/n on input line 28.
LaTeX Font Info:    ... okay on input line 28.
LaTeX Font Info:    Checking defaults for OT1/cmr/m/n on input line 28.
LaTeX Font Info:    ... okay on input line 28.
LaTeX Font Info:    Checking defaults for OMS/cmsy/m/n on input line 28.
LaTeX Font Info:    ... okay on input line 28.
LaTeX Font Info:    Checking defaults for OMX/cmex/m/n on input line 28.
LaTeX Font Info:    ... okay on input line 28.
LaTeX Font Info:    Checking defaults for U/cmr/m/n on input line 28.
LaTeX Font Info:    ... okay on input line 28.
LaTeX Font Info:    Checking defaults for PD1/pdf/m/n on input line 28.
LaTeX Font Info:    ... okay on input line 28.
 (/usr/share/texmf/tex/context/base/supp-pdf.mkii
[Loading MPS to PDF converter (version 2006.09.02).]
\scratchcounter=\count141
\scratchdimen=\dimen139
\scratchbox=\box31
\nofMPsegments=\count142
\nofMParguments=\count143
\everyMPshowfont=\toks28
\MPscratchCnt=\count144
\MPscratchDim=\dimen140
\MPnumerator=\count145
\makeMPintoPDFobject=\count146
\everyMPtoPDFconversion=\toks29
) (/usr/share/texmf/tex/latex/oberdiek/epstopdf-base.sty
Package: epstopdf-base 2010/02/09 v2.5 Base part for package epstopdf

(/usr/share/texmf/tex/latex/oberdiek/grfext.sty
Package: grfext 2010/08/19 v1.1 Manage graphics extensions (HO)
)
Package grfext Info: Graphics extension search list:
(grfext)             [.png,.pdf,.jpg,.mps,.jpeg,.jbig2,.jb2,.PNG,.PDF,.JPG,.JPE
G,.JBIG2,.JB2,.eps]
(grfext)             \AppendGraphicsExtensions on input line 452.

(/usr/share/texmf/tex/latex/latexconfig/epstopdf-sys.cfg
File: epstopdf-sys.cfg 2010/07/13 v1.3 Configuration of (r)epstopdf for TeX Liv
e
))
\AtBeginShipoutBox=\box32
Package hyperref Info: Link coloring OFF on input line 28.

(/usr/share/texmf/tex/latex/hyperref/nameref.sty
Package: nameref 2012/10/27 v2.43 Cross-referencing by name of section

(/usr/share/texmf/tex/generic/oberdiek/gettitlestring.sty
Package: gettitlestring 2010/12/03 v1.4 Cleanup title references (HO)
)
\c@section@level=\count147
)
LaTeX Info: Redefining \ref on input line 28.
LaTeX Info: Redefining \pageref on input line 28.
LaTeX Info: Redefining \nameref on input line 28.
 (./thesis.out)
(./thesis.out)
\@outlinefile=\write4
\openout4 = `thesis.out'.

Package caption Info: Begin \AtBeginDocument code.
Package caption Info: End \AtBeginDocument code.
\openout2 = `./ba_titlepage.aux'.

 (./ba_titlepage.tex [1


{/usr/share/texmf/fonts/map/pdftex/updmap/pdftex.map}] [2])
LaTeX Font Info:    Try loading font information for T1+cmss on input line 35.
 (/usr/share/texmf/tex/latex/base/t1cmss.fd
File: t1cmss.fd 1999/05/25 v2.5h Standard LaTeX font definitions
) [3

] (./thesis.toc
LaTeX Font Info:    Try loading font information for U+msa on input line 5.
(/usr/share/texmf/tex/latex/amsfonts/umsa.fd
File: umsa.fd 2013/01/14 v3.01 AMS symbols A
)
LaTeX Font Info:    Try loading font information for U+msb on input line 5.

(/usr/share/texmf/tex/latex/amsfonts/umsb.fd
File: umsb.fd 2013/01/14 v3.01 AMS symbols B
)
Package acronym Info: Label `acro:IMBH' newly defined as it shall be overridden

although it is yet undefined on input line 28.
)
\tf@toc=\write5
\openout5 = `thesis.toc'.

 [4]
\openout2 = `Introduction.aux'.

 (./Introduction.tex
Package acronym Info: Label `acro:MW' newly defined as it shall be overridden
although it is yet undefined on input line 4.

<Plots/Paolo_talk_plot.png, id=232, 626.34pt x 602.25pt>
File: Plots/Paolo_talk_plot.png Graphic file (type png)

<use Plots/Paolo_talk_plot.png>
Package pdftex.def Info: Plots/Paolo_talk_plot.png used on input line 11.
(pdftex.def)             Requested size: 224.06548pt x 215.44977pt.
 [1

]

Package natbib Warning: Citation `2008ApJ...676.1008N' on page 2 undefined on i
nput line 17.


Package natbib Warning: Citation `2010ApJ...710.1063V' on page 2 undefined on i
nput line 17.


Package natbib Warning: Citation `2015A&A...581A...1L' on page 2 undefined on i
nput line 17.

Package acronym Info: Label `acro:DF' newly defined as it shall be overridden
although it is yet undefined on input line 18.

Underfull \hbox (badness 10000) in paragraph at lines 18--20

 []

[2 <./Plots/Paolo_talk_plot.png>]
LaTeX Font Info:    Try loading font information for OMS+cmr on input line 24.
 (/usr/share/texmf/tex/latex/base/omscmr.fd
File: omscmr.fd 1999/05/25 v2.5h Standard LaTeX font definitions
)
LaTeX Font Info:    Font shape `OMS/cmr/m/n' in size <12> not available
(Font)              Font shape `OMS/cmsy/m/n' tried instead on input line 24.


Package natbib Warning: Citation `1980ApJ...238..471R' on page 3 undefined on i
nput line 24.


Underfull \hbox (badness 10000) in paragraph at lines 28--29

 []


Underfull \hbox (badness 10000) in paragraph at lines 29--30

 []

Package acronym Info: Label `acro:HST' newly defined as it shall be overridden
although it is yet undefined on input line 30.

Package natbib Warning: Citation `2014ApJ...797..115B' on page 3 undefined on i
nput line 30.

[3]) [4]
\openout2 = `Method_theory.aux'.

 (./Method_theory.tex
Package acronym Info: Label `acro:CMD' newly defined as it shall be overridden
although it is yet undefined on input line 4.

<Plots/color_magnitude_diagram.png, id=332, 422.57875pt x 356.33125pt>
File: Plots/color_magnitude_diagram.png Graphic file (type png)

<use Plots/color_magnitude_diagram.png>
Package pdftex.def Info: Plots/color_magnitude_diagram.png used on input line 7
.
(pdftex.def)             Requested size: 224.06548pt x 188.94165pt.
Package acronym Info: Label `acro:SSP' newly defined as it shall be overridden
although it is yet undefined on input line 11.
 [5


 <./Plots/color_magnitude_diagram.png>] [6] [7] [8] [9]
<Plots/eff_potential_bartelmann.png, id=426, 827.09pt x 661.47125pt>
File: Plots/eff_potential_bartelmann.png Graphic file (type png)

<use Plots/eff_potential_bartelmann.png>
Package pdftex.def Info: Plots/eff_potential_bartelmann.png used on input line 
89.
(pdftex.def)             Requested size: 212.86493pt x 170.23233pt.

<Plots/pot_eff_theory_part.pdf, id=431, 404.72769pt x 280.78966pt>
File: Plots/pot_eff_theory_part.pdf Graphic file (type pdf)

<use Plots/pot_eff_theory_part.pdf>
Package pdftex.def Info: Plots/pot_eff_theory_part.pdf used on input line 95.
(pdftex.def)             Requested size: 212.86493pt x 147.6824pt.
 [10 <./Plots/eff_potential_bartelmann.png> <./Plots/pot_eff_theory_part.pdf>] 
[11]) [12]
\openout2 = `Analysis.aux'.

 (./Analysis.tex

Package natbib Warning: Citation `2001MNRAS.322..231K' on page 13 undefined on 
input line 9.


! LaTeX Error: Bad math environment delimiter.

See the LaTeX manual or LaTeX Companion for explanation.
Type  H <return>  for immediate help.
 ...                                              
                                                  
l.16 ...Mass of\\the\ac{IMBH} \\\[[M\(_\odot\)]\]}
                                                  & \makecell{r\(_\mathrm{m}...

Your command was ignored.
Type  I <command> <return>  to replace it with another command,
or  <return>  to continue without it.


! LaTeX Error: Bad math environment delimiter.

See the LaTeX manual or LaTeX Companion for explanation.
Type  H <return>  for immediate help.
 ...                                              
                                                  
l.16 ...}& \makecell{r\(_\mathrm{m}\) \\ \[[pc]\]}
                                                   & \makecell{Age\\\[[Gyr]\...

Your command was ignored.
Type  I <command> <return>  to replace it with another command,
or  <return>  to continue without it.


! LaTeX Error: Bad math environment delimiter.

See the LaTeX manual or LaTeX Companion for explanation.
Type  H <return>  for immediate help.
 ...                                              
                                                  
l.16 ...) \\ \[[pc]\]} & \makecell{Age\\\[[Gyr]\]}
                                                   & \makecell{Binary\\fract...

Your command was ignored.
Type  I <command> <return>  to replace it with another command,
or  <return>  to continue without it.

<Plots/position_scatter_plot_IMBH.pdf, id=554, 968.85014pt x 637.73572pt>
File: Plots/position_scatter_plot_IMBH.pdf Graphic file (type pdf)

<use Plots/position_scatter_plot_IMBH.pdf>
Package pdftex.def Info: Plots/position_scatter_plot_IMBH.pdf used on input lin
e 37.
(pdftex.def)             Requested size: 403.31511pt x 265.4728pt.

<Plots/position_scatter_plot_noIMBH.pdf, id=557, 963.73099pt x 637.73572pt>
File: Plots/position_scatter_plot_noIMBH.pdf Graphic file (type pdf)

<use Plots/position_scatter_plot_noIMBH.pdf>
Package pdftex.def Info: Plots/position_scatter_plot_noIMBH.pdf used on input l
ine 44.
(pdftex.def)             Requested size: 403.31511pt x 266.8838pt.


LaTeX Warning: Float too large for page by 47.65657pt on input line 51.

[13


] <Plots/velocity_scatter_IMBH.pdf, id=579, 982.74023pt x 608.90738pt>
File: Plots/velocity_scatter_IMBH.pdf Graphic file (type pdf)

<use Plots/velocity_scatter_IMBH.pdf>
Package pdftex.def Info: Plots/velocity_scatter_IMBH.pdf used on input line 57.

(pdftex.def)             Requested size: 403.31511pt x 249.8952pt.

<Plots/velocity_scatter_noIMBH.pdf, id=580, 970.75723pt x 637.73572pt>
File: Plots/velocity_scatter_noIMBH.pdf Graphic file (type pdf)

<use Plots/velocity_scatter_noIMBH.pdf>
Package pdftex.def Info: Plots/velocity_scatter_noIMBH.pdf used on input line 6
4.
(pdftex.def)             Requested size: 403.31511pt x 264.95705pt.


LaTeX Warning: Float too large for page by 14.75223pt on input line 71.


Package natbib Warning: Citation `2012MNRAS.427..127B' on page 14 undefined on 
input line 75.

<Plots/cmd_isochrones.png, id=592, 422.57875pt x 444.66125pt>
File: Plots/cmd_isochrones.png Graphic file (type png)

<use Plots/cmd_isochrones.png>
Package pdftex.def Info: Plots/cmd_isochrones.png used on input line 79.
(pdftex.def)             Requested size: 313.69029pt x 330.08905pt.
 [14] [15 <./Plots/position_scatter_plot_IMBH.pdf> <./Plots/position_scatter_pl
ot_noIMBH.pdf

pdfTeX warning: pdflatex (file ./Plots/position_scatter_plot_noIMBH.pdf): PDF i
nclusion: multiple pdfs with page group included in a single page
>] [16 <./Plots/velocity_scatter_IMBH.pdf> <./Plots/velocity_scatter_noIMBH.pdf


pdfTeX warning: pdflatex (file ./Plots/velocity_scatter_noIMBH.pdf): PDF inclus
ion: multiple pdfs with page group included in a single page
>] [17 <./Plots/cmd_isochrones.png>]
<Plots/radial_velocity_dispersion.pdf, id=851, 355.40196pt x 275.99228pt>
File: Plots/radial_velocity_dispersion.pdf Graphic file (type pdf)

<use Plots/radial_velocity_dispersion.pdf>
Package pdftex.def Info: Plots/radial_velocity_dispersion.pdf used on input lin
e 96.
(pdftex.def)             Requested size: 212.86493pt x 165.30605pt.

<Plots/azimuthal_velocity_dispersion.pdf, id=852, 355.40196pt x 283.84653pt>
File: Plots/azimuthal_velocity_dispersion.pdf Graphic file (type pdf)

<use Plots/azimuthal_velocity_dispersion.pdf>
Package pdftex.def Info: Plots/azimuthal_velocity_dispersion.pdf used on input 
line 103.
(pdftex.def)             Requested size: 212.86493pt x 170.01038pt.

<Plots/polar_velocity_dispersion.pdf, id=853, 355.40196pt x 275.99228pt>
File: Plots/polar_velocity_dispersion.pdf Graphic file (type pdf)

<use Plots/polar_velocity_dispersion.pdf>
Package pdftex.def Info: Plots/polar_velocity_dispersion.pdf used on input line
 110.
(pdftex.def)             Requested size: 212.86493pt x 165.30605pt.

<Plots/anisotropy_parameter_beta.pdf, id=870, 351.04431pt x 278.75763pt>
File: Plots/anisotropy_parameter_beta.pdf Graphic file (type pdf)

<use Plots/anisotropy_parameter_beta.pdf>
Package pdftex.def Info: Plots/anisotropy_parameter_beta.pdf used on input line
 124.
(pdftex.def)             Requested size: 212.86493pt x 169.03381pt.
 [18] [19 <./Plots/radial_velocity_dispersion.pdf> <./Plots/azimuthal_velocity_
dispersion.pdf

pdfTeX warning: pdflatex (file ./Plots/azimuthal_velocity_dispersion.pdf): PDF 
inclusion: multiple pdfs with page group included in a single page
> <./Plots/polar_velocity_dispersion.pdf

pdfTeX warning: pdflatex (file ./Plots/polar_velocity_dispersion.pdf): PDF incl
usion: multiple pdfs with page group included in a single page
>] <Plots/density_profiles.pdf, id=1036, 354.8422pt x 274.60962pt>
File: Plots/density_profiles.pdf Graphic file (type pdf)

<use Plots/density_profiles.pdf>
Package pdftex.def Info: Plots/density_profiles.pdf used on input line 144.
(pdftex.def)             Requested size: 212.86493pt x 164.7377pt.

<Plots/density_prof_analytic.pdf, id=1037, 462.57788pt x 384.46385pt>
File: Plots/density_prof_analytic.pdf Graphic file (type pdf)

<use Plots/density_prof_analytic.pdf>
Package pdftex.def Info: Plots/density_prof_analytic.pdf used on input line 151
.
(pdftex.def)             Requested size: 212.86493pt x 176.92004pt.

<Plots/density_profiles_interpolated.pdf, id=1038, 354.85632pt x 276.05885pt>
File: Plots/density_profiles_interpolated.pdf Graphic file (type pdf)

<use Plots/density_profiles_interpolated.pdf>
Package pdftex.def Info: Plots/density_profiles_interpolated.pdf used on input 
line 158.
(pdftex.def)             Requested size: 212.86493pt x 165.59866pt.
 [20 <./Plots/anisotropy_parameter_beta.pdf>]
Package acronym Info: Label `acro:COM' newly defined as it shall be overridden
although it is yet undefined on input line 168.
 <Plots/sphericity_com.pdf, id=1125, 531.78674pt x 396.16446pt>
File: Plots/sphericity_com.pdf Graphic file (type pdf)

<use Plots/sphericity_com.pdf>
Package pdftex.def Info: Plots/sphericity_com.pdf used on input line 172.
(pdftex.def)             Requested size: 313.69029pt x 233.68663pt.

<Plots/mean_velocity.pdf, id=1126, 427.48064pt x 275.99228pt>
File: Plots/mean_velocity.pdf Graphic file (type pdf)

<use Plots/mean_velocity.pdf>
Package pdftex.def Info: Plots/mean_velocity.pdf used on input line 179.
(pdftex.def)             Requested size: 313.69029pt x 202.52971pt.


LaTeX Warning: Reference `eq:poisson' on page 21 undefined on input line 184.

<Plots/potential.png, id=1133, 422.2977pt x 276.3123pt>
File: Plots/potential.png Graphic file (type png)

<use Plots/potential.png>
Package pdftex.def Info: Plots/potential.png used on input line 187.
(pdftex.def)             Requested size: 313.69029pt x 205.25632pt.
 [21] [22 <./Plots/density_profiles.pdf> <./Plots/density_prof_analytic.pdf

pdfTeX warning: pdflatex (file ./Plots/density_prof_analytic.pdf): PDF inclusio
n: multiple pdfs with page group included in a single page
> <./Plots/density_profiles_interpolated.pdf

pdfTeX warning: pdflatex (file ./Plots/density_profiles_interpolated.pdf): PDF 
inclusion: multiple pdfs with page group included in a single page
>] [23 <./Plots/sphericity_com.pdf> <./Plots/mean_velocity.pdf

pdfTeX warning: pdflatex (file ./Plots/mean_velocity.pdf): PDF inclusion: multi
ple pdfs with page group included in a single page
>] <Plots/E_J_r_hist_IMBH1.pdf, id=1459, 380.81273pt x 290.95262pt>
File: Plots/E_J_r_hist_IMBH1.pdf Graphic file (type pdf)

<use Plots/E_J_r_hist_IMBH1.pdf>
Package pdftex.def Info: Plots/E_J_r_hist_IMBH1.pdf used on input line 198.
(pdftex.def)             Requested size: 212.86493pt x 162.63934pt.

<Plots/E_J_r_hist_IMBH2.pdf, id=1460, 380.81273pt x 290.95262pt>
File: Plots/E_J_r_hist_IMBH2.pdf Graphic file (type pdf)

<use Plots/E_J_r_hist_IMBH2.pdf>
Package pdftex.def Info: Plots/E_J_r_hist_IMBH2.pdf used on input line 204.
(pdftex.def)             Requested size: 212.86493pt x 162.63934pt.

<Plots/E_J_r_hist_noIMBH1.pdf, id=1461, 380.37358pt x 290.95262pt>
File: Plots/E_J_r_hist_noIMBH1.pdf Graphic file (type pdf)

<use Plots/E_J_r_hist_noIMBH1.pdf>
Package pdftex.def Info: Plots/E_J_r_hist_noIMBH1.pdf used on input line 210.
(pdftex.def)             Requested size: 212.86493pt x 162.8258pt.

<Plots/E_J_r_hist_noIMBH2.pdf, id=1462, 380.81273pt x 290.95262pt>
File: Plots/E_J_r_hist_noIMBH2.pdf Graphic file (type pdf)

<use Plots/E_J_r_hist_noIMBH2.pdf>
Package pdftex.def Info: Plots/E_J_r_hist_noIMBH2.pdf used on input line 216.
(pdftex.def)             Requested size: 212.86493pt x 162.63934pt.

! Undefined control sequence.
l.223 ...l action and high energy (below \unitfraq
                                                  [\(-4 \times10^{-24}\)]{pc...
The control sequence at the end of the top line
of your error message was never \def'ed. If you have
misspelled it (e.g., `\hobx'), type `I' and the correct
spelling (e.g., `I\hbox'). Otherwise just continue,
and I'll forget about whatever was undefined.

<Plots/pot_eff_group1.pdf, id=1484, 433.62pt x 289.08pt>
File: Plots/pot_eff_group1.pdf Graphic file (type pdf)

<use Plots/pot_eff_group1.pdf>
Package pdftex.def Info: Plots/pot_eff_group1.pdf used on input line 231.
(pdftex.def)             Requested size: 212.86493pt x 141.91068pt.

<Plots/pot_eff_group2.pdf, id=1485, 433.62pt x 289.08pt>
File: Plots/pot_eff_group2.pdf Graphic file (type pdf)

<use Plots/pot_eff_group2.pdf>
Package pdftex.def Info: Plots/pot_eff_group2.pdf used on input line 238.
(pdftex.def)             Requested size: 212.86493pt x 141.91068pt.
 [24 <./Plots/potential.png>] [25 <./Plots/E_J_r_hist_IMBH1.pdf> <./Plots/E_J_r
_hist_IMBH2.pdf

pdfTeX warning: pdflatex (file ./Plots/E_J_r_hist_IMBH2.pdf): PDF inclusion: mu
ltiple pdfs with page group included in a single page
> <./Plots/E_J_r_hist_noIMBH1.pdf

pdfTeX warning: pdflatex (file ./Plots/E_J_r_hist_noIMBH1.pdf): PDF inclusion: 
multiple pdfs with page group included in a single page
> <./Plots/E_J_r_hist_noIMBH2.pdf

pdfTeX warning: pdflatex (file ./Plots/E_J_r_hist_noIMBH2.pdf): PDF inclusion: 
multiple pdfs with page group included in a single page
>] <Plots/E_J_r_hist_bins_IMBH1.pdf, id=1682, 380.37358pt x 290.95262pt>
File: Plots/E_J_r_hist_bins_IMBH1.pdf Graphic file (type pdf)

<use Plots/E_J_r_hist_bins_IMBH1.pdf>
Package pdftex.def Info: Plots/E_J_r_hist_bins_IMBH1.pdf used on input line 252
.
(pdftex.def)             Requested size: 212.86493pt x 162.8258pt.

<Plots/E_J_r_hist_bins_IMBH2.pdf, id=1683, 380.37358pt x 290.95262pt>
File: Plots/E_J_r_hist_bins_IMBH2.pdf Graphic file (type pdf)

<use Plots/E_J_r_hist_bins_IMBH2.pdf>
Package pdftex.def Info: Plots/E_J_r_hist_bins_IMBH2.pdf used on input line 258
.
(pdftex.def)             Requested size: 212.86493pt x 162.8258pt.

<Plots/E_J_r_hist_bins_noIMBH1.pdf, id=1684, 380.37358pt x 290.95262pt>
File: Plots/E_J_r_hist_bins_noIMBH1.pdf Graphic file (type pdf)

<use Plots/E_J_r_hist_bins_noIMBH1.pdf>
Package pdftex.def Info: Plots/E_J_r_hist_bins_noIMBH1.pdf used on input line 2
64.
(pdftex.def)             Requested size: 212.86493pt x 162.8258pt.

<Plots/E_J_r_hist_bins_noIMBH2.pdf, id=1685, 380.81273pt x 290.95262pt>
File: Plots/E_J_r_hist_bins_noIMBH2.pdf Graphic file (type pdf)

<use Plots/E_J_r_hist_bins_noIMBH2.pdf>
Package pdftex.def Info: Plots/E_J_r_hist_bins_noIMBH2.pdf used on input line 2
70.
(pdftex.def)             Requested size: 212.86493pt x 162.63934pt.

<Plots/L_J_r_hist_IMBH1.pdf, id=1690, 384.82773pt x 291.95638pt>
File: Plots/L_J_r_hist_IMBH1.pdf Graphic file (type pdf)

<use Plots/L_J_r_hist_IMBH1.pdf>
Package pdftex.def Info: Plots/L_J_r_hist_IMBH1.pdf used on input line 284.
(pdftex.def)             Requested size: 212.86493pt x 161.49864pt.

<Plots/L_J_r_hist_IMBH2.pdf, id=1691, 384.82773pt x 291.95638pt>
File: Plots/L_J_r_hist_IMBH2.pdf Graphic file (type pdf)

<use Plots/L_J_r_hist_IMBH2.pdf>
Package pdftex.def Info: Plots/L_J_r_hist_IMBH2.pdf used on input line 290.
(pdftex.def)             Requested size: 212.86493pt x 161.49864pt.

<Plots/L_J_r_hist_noIMBH1.pdf, id=1692, 384.38858pt x 291.95638pt>
File: Plots/L_J_r_hist_noIMBH1.pdf Graphic file (type pdf)

<use Plots/L_J_r_hist_noIMBH1.pdf>
Package pdftex.def Info: Plots/L_J_r_hist_noIMBH1.pdf used on input line 296.
(pdftex.def)             Requested size: 212.86493pt x 161.6813pt.

<Plots/L_J_r_hist_noIMBH2.pdf, id=1693, 384.82773pt x 291.95638pt>
File: Plots/L_J_r_hist_noIMBH2.pdf Graphic file (type pdf)

<use Plots/L_J_r_hist_noIMBH2.pdf>
Package pdftex.def Info: Plots/L_J_r_hist_noIMBH2.pdf used on input line 302.
(pdftex.def)             Requested size: 212.86493pt x 161.49864pt.

<Plots/L_J_r_mass_hist_IMBH1.pdf, id=1694, 385.39233pt x 292.96013pt>
File: Plots/L_J_r_mass_hist_IMBH1.pdf Graphic file (type pdf)

<use Plots/L_J_r_mass_hist_IMBH1.pdf>
Package pdftex.def Info: Plots/L_J_r_mass_hist_IMBH1.pdf used on input line 308
.
(pdftex.def)             Requested size: 212.86493pt x 161.80803pt.

<Plots/L_J_r_mass_hist_noIMBH2.pdf, id=1695, 386.11378pt x 292.96013pt>
File: Plots/L_J_r_mass_hist_noIMBH2.pdf Graphic file (type pdf)

<use Plots/L_J_r_mass_hist_noIMBH2.pdf>
Package pdftex.def Info: Plots/L_J_r_mass_hist_noIMBH2.pdf used on input line 3
14.
(pdftex.def)             Requested size: 212.86493pt x 161.50851pt.


LaTeX Warning: Float too large for page by 21.78793pt on input line 320.

[26 <./Plots/pot_eff_group1.pdf> <./Plots/pot_eff_group2.pdf

pdfTeX warning: pdflatex (file ./Plots/pot_eff_group2.pdf): PDF inclusion: mult
iple pdfs with page group included in a single page
>] [27 <./Plots/E_J_r_hist_bins_IMBH1.pdf> <./Plots/E_J_r_hist_bins_IMBH2.pdf

pdfTeX warning: pdflatex (file ./Plots/E_J_r_hist_bins_IMBH2.pdf): PDF inclusio
n: multiple pdfs with page group included in a single page
> <./Plots/E_J_r_hist_bins_noIMBH1.pdf

pdfTeX warning: pdflatex (file ./Plots/E_J_r_hist_bins_noIMBH1.pdf): PDF inclus
ion: multiple pdfs with page group included in a single page
> <./Plots/E_J_r_hist_bins_noIMBH2.pdf

pdfTeX warning: pdflatex (file ./Plots/E_J_r_hist_bins_noIMBH2.pdf): PDF inclus
ion: multiple pdfs with page group included in a single page
>] <Plots/E_J_r_justIMBH_hist_IMBH1.pdf, id=2018, 377.17413pt x 290.95262pt>
File: Plots/E_J_r_justIMBH_hist_IMBH1.pdf Graphic file (type pdf)

<use Plots/E_J_r_justIMBH_hist_IMBH1.pdf>
Package pdftex.def Info: Plots/E_J_r_justIMBH_hist_IMBH1.pdf used on input line
 326.
(pdftex.def)             Requested size: 212.86493pt x 164.20207pt.

<Plots/E_J_r_justIMBH_hist_IMBH2.pdf, id=2021, 377.17413pt x 290.95262pt>
File: Plots/E_J_r_justIMBH_hist_IMBH2.pdf Graphic file (type pdf)

<use Plots/E_J_r_justIMBH_hist_IMBH2.pdf>
Package pdftex.def Info: Plots/E_J_r_justIMBH_hist_IMBH2.pdf used on input line
 333.
(pdftex.def)             Requested size: 212.86493pt x 164.20207pt.

<Plots/L_J_r_justIMBH_hist_IMBH1.pdf, id=2024, 381.18913pt x 291.95638pt>
File: Plots/L_J_r_justIMBH_hist_IMBH1.pdf Graphic file (type pdf)

<use Plots/L_J_r_justIMBH_hist_IMBH1.pdf>
Package pdftex.def Info: Plots/L_J_r_justIMBH_hist_IMBH1.pdf used on input line
 340.
(pdftex.def)             Requested size: 212.86493pt x 163.03113pt.

<Plots/L_J_r_justIMBH_hist_IMBH2.pdf, id=2027, 381.18913pt x 291.95638pt>
File: Plots/L_J_r_justIMBH_hist_IMBH2.pdf Graphic file (type pdf)

<use Plots/L_J_r_justIMBH_hist_IMBH2.pdf>
Package pdftex.def Info: Plots/L_J_r_justIMBH_hist_IMBH2.pdf used on input line
 347.
(pdftex.def)             Requested size: 212.86493pt x 163.03113pt.

! Argument of \caption@ifstrut has an extra }.
<inserted text> 
                \par 
l.351 ...for group 1 stars. In the panels \subref}
                                                  
I've run across a `}' that doesn't seem to match anything.
For example, `\def\a#1{...}' and `\a}' would produce
this error. If you simply proceed now, the `\par' that
I've just inserted will cause me to report a runaway
argument that might be the root of the problem. But if
your `}' was spurious, just type `2' and it will go away.

Runaway argument?
! Paragraph ended before \caption@ifstrut was complete.
<to be read again> 
                   \par 
l.351 ...for group 1 stars. In the panels \subref}
                                                  
I suspect you've forgotten a `}', causing me to apply this
control sequence to too much text. How can we recover?
My plan is to forget the whole thing and hope for the best.

! Missing \endcsname inserted.
<to be read again> 
                   \@@par 
l.351 ...for group 1 stars. In the panels \subref}
                                                  
The control sequence marked <to be read again> should
not appear between \csname and \endcsname.


LaTeX Warning: Hyper reference `\@@par ' on page 28 undefined on input line 351
.

! Missing number, treated as zero.
<to be read again> 
                   \endgroup 
l.351 ...for group 1 stars. In the panels \subref}
                                                  
A number should have been here; I inserted `0'.
(If you can't figure out why I needed to see a number,
look up `weird error' in the index to The TeXbook.)

! Illegal unit of measure (pt inserted).
<to be read again> 
                   \endgroup 
l.351 ...for group 1 stars. In the panels \subref}
                                                  
Dimensions can be in units of em, ex, in, pt, pc,
cm, mm, dd, cc, nd, nc, bp, or sp; but yours is a new one!
I'll assume that you meant to say pt, for printer's points.
To recover gracefully from this error, it's best to
delete the erroneous units; e.g., type `2' to delete
two letters. (See Chapter 27 of The TeXbook.)

! Missing number, treated as zero.
<to be read again> 
                   \endcsname 
l.351 ...for group 1 stars. In the panels \subref}
                                                  
A number should have been here; I inserted `0'.
(If you can't figure out why I needed to see a number,
look up `weird error' in the index to The TeXbook.)

! Illegal unit of measure (pt inserted).
<to be read again> 
                   \endcsname 
l.351 ...for group 1 stars. In the panels \subref}
                                                  
Dimensions can be in units of em, ex, in, pt, pc,
cm, mm, dd, cc, nd, nc, bp, or sp; but yours is a new one!
I'll assume that you meant to say pt, for printer's points.
To recover gracefully from this error, it's best to
delete the erroneous units; e.g., type `2' to delete
two letters. (See Chapter 27 of The TeXbook.)

! Extra \endcsname.
<recently read> \endcsname 
                           
l.351 ...for group 1 stars. In the panels \subref}
                                                  
I'm ignoring this, since I wasn't doing a \csname.

! Argument of \caption@ifstrut has an extra }.
<inserted text> 
                \par 
l.351 ...for group 1 stars. In the panels \subref}
                                                  
I've run across a `}' that doesn't seem to match anything.
For example, `\def\a#1{...}' and `\a}' would produce
this error. If you simply proceed now, the `\par' that
I've just inserted will cause me to report a runaway
argument that might be the root of the problem. But if
your `}' was spurious, just type `2' and it will go away.

Runaway argument?
! Paragraph ended before \caption@ifstrut was complete.
<to be read again> 
                   \par 
l.351 ...for group 1 stars. In the panels \subref}
                                                  
I suspect you've forgotten a `}', causing me to apply this
control sequence to too much text. How can we recover?
My plan is to forget the whole thing and hope for the best.


LaTeX Warning: Reference `sub@\@@par \parindent \caption@parindent \hangindent 
\caption@hangindent ' on page 28 undefined on input line 351.

! Argument of \caption@ifstrut has an extra }.
<inserted text> 
                \par 
l.351 ...for group 1 stars. In the panels \subref}
                                                  
I've run across a `}' that doesn't seem to match anything.
For example, `\def\a#1{...}' and `\a}' would produce
this error. If you simply proceed now, the `\par' that
I've just inserted will cause me to report a runaway
argument that might be the root of the problem. But if
your `}' was spurious, just type `2' and it will go away.

Runaway argument?
! Paragraph ended before \caption@ifstrut was complete.
<to be read again> 
                   \par 
l.351 ...for group 1 stars. In the panels \subref}
                                                  
I suspect you've forgotten a `}', causing me to apply this
control sequence to too much text. How can we recover?
My plan is to forget the whole thing and hope for the best.

! Missing \endcsname inserted.
<to be read again> 
                   \@@par 
l.351 ...for group 1 stars. In the panels \subref}
                                                  
The control sequence marked <to be read again> should
not appear between \csname and \endcsname.


LaTeX Warning: Hyper reference `\@@par ' on page 28 undefined on input line 351
.

! Missing number, treated as zero.
<to be read again> 
                   \endgroup 
l.351 ...for group 1 stars. In the panels \subref}
                                                  
A number should have been here; I inserted `0'.
(If you can't figure out why I needed to see a number,
look up `weird error' in the index to The TeXbook.)

! Illegal unit of measure (pt inserted).
<to be read again> 
                   \endgroup 
l.351 ...for group 1 stars. In the panels \subref}
                                                  
Dimensions can be in units of em, ex, in, pt, pc,
cm, mm, dd, cc, nd, nc, bp, or sp; but yours is a new one!
I'll assume that you meant to say pt, for printer's points.
To recover gracefully from this error, it's best to
delete the erroneous units; e.g., type `2' to delete
two letters. (See Chapter 27 of The TeXbook.)

! Missing number, treated as zero.
<to be read again> 
                   \endcsname 
l.351 ...for group 1 stars. In the panels \subref}
                                                  
A number should have been here; I inserted `0'.
(If you can't figure out why I needed to see a number,
look up `weird error' in the index to The TeXbook.)

! Illegal unit of measure (pt inserted).
<to be read again> 
                   \endcsname 
l.351 ...for group 1 stars. In the panels \subref}
                                                  
Dimensions can be in units of em, ex, in, pt, pc,
cm, mm, dd, cc, nd, nc, bp, or sp; but yours is a new one!
I'll assume that you meant to say pt, for printer's points.
To recover gracefully from this error, it's best to
delete the erroneous units; e.g., type `2' to delete
two letters. (See Chapter 27 of The TeXbook.)

! Extra \endcsname.
<recently read> \endcsname 
                           
l.351 ...for group 1 stars. In the panels \subref}
                                                  
I'm ignoring this, since I wasn't doing a \csname.

! Argument of \caption@ifstrut has an extra }.
<inserted text> 
                \par 
l.351 ...for group 1 stars. In the panels \subref}
                                                  
I've run across a `}' that doesn't seem to match anything.
For example, `\def\a#1{...}' and `\a}' would produce
this error. If you simply proceed now, the `\par' that
I've just inserted will cause me to report a runaway
argument that might be the root of the problem. But if
your `}' was spurious, just type `2' and it will go away.

Runaway argument?
! Paragraph ended before \caption@ifstrut was complete.
<to be read again> 
                   \par 
l.351 ...for group 1 stars. In the panels \subref}
                                                  
I suspect you've forgotten a `}', causing me to apply this
control sequence to too much text. How can we recover?
My plan is to forget the whole thing and hope for the best.


LaTeX Warning: Reference `sub@\@@par \parindent \caption@parindent \hangindent 
\caption@hangindent ' on page 28 undefined on input line 351.

<Plots/r_g_J_r_IMBH1.png, id=2035, 408.8073pt x 294.1389pt>
File: Plots/r_g_J_r_IMBH1.png Graphic file (type png)

<use Plots/r_g_J_r_IMBH1.png>
Package pdftex.def Info: Plots/r_g_J_r_IMBH1.png used on input line 362.
(pdftex.def)             Requested size: 212.86493pt x 153.15955pt.

<Plots/r_g_J_r_IMBH2.png, id=2036, 408.8073pt x 294.1389pt>
File: Plots/r_g_J_r_IMBH2.png Graphic file (type png)

<use Plots/r_g_J_r_IMBH2.png>
Package pdftex.def Info: Plots/r_g_J_r_IMBH2.png used on input line 369.
(pdftex.def)             Requested size: 212.86493pt x 153.15955pt.

<Plots/r_g_J_r_noIMBH1.png, id=2037, 408.8073pt x 294.1389pt>
File: Plots/r_g_J_r_noIMBH1.png Graphic file (type png)

<use Plots/r_g_J_r_noIMBH1.png>
Package pdftex.def Info: Plots/r_g_J_r_noIMBH1.png used on input line 376.
(pdftex.def)             Requested size: 212.86493pt x 153.15955pt.

<Plots/r_g_J_r_noIMBH2.png, id=2038, 408.8073pt x 294.1389pt>
File: Plots/r_g_J_r_noIMBH2.png Graphic file (type png)

<use Plots/r_g_J_r_noIMBH2.png>
Package pdftex.def Info: Plots/r_g_J_r_noIMBH2.png used on input line 383.
(pdftex.def)             Requested size: 212.86493pt x 153.15955pt.
) [28] [29 <./Plots/L_J_r_hist_IMBH1.pdf> <./Plots/L_J_r_hist_IMBH2.pdf

pdfTeX warning: pdflatex (file ./Plots/L_J_r_hist_IMBH2.pdf): PDF inclusion: mu
ltiple pdfs with page group included in a single page
> <./Plots/L_J_r_hist_noIMBH1.pdf

pdfTeX warning: pdflatex (file ./Plots/L_J_r_hist_noIMBH1.pdf): PDF inclusion: 
multiple pdfs with page group included in a single page
> <./Plots/L_J_r_hist_noIMBH2.pdf

pdfTeX warning: pdflatex (file ./Plots/L_J_r_hist_noIMBH2.pdf): PDF inclusion: 
multiple pdfs with page group included in a single page
> <./Plots/L_J_r_mass_hist_IMBH1.pdf

pdfTeX warning: pdflatex (file ./Plots/L_J_r_mass_hist_IMBH1.pdf): PDF inclusio
n: multiple pdfs with page group included in a single page
> <./Plots/L_J_r_mass_hist_noIMBH2.pdf

pdfTeX warning: pdflatex (file ./Plots/L_J_r_mass_hist_noIMBH2.pdf): PDF inclus
ion: multiple pdfs with page group included in a single page
>] [30 <./Plots/E_J_r_justIMBH_hist_IMBH1.pdf> <./Plots/E_J_r_justIMBH_hist_IMB
H2.pdf

pdfTeX warning: pdflatex (file ./Plots/E_J_r_justIMBH_hist_IMBH2.pdf): PDF incl
usion: multiple pdfs with page group included in a single page
> <./Plots/L_J_r_justIMBH_hist_IMBH1.pdf

pdfTeX warning: pdflatex (file ./Plots/L_J_r_justIMBH_hist_IMBH1.pdf): PDF incl
usion: multiple pdfs with page group included in a single page
> <./Plots/L_J_r_justIMBH_hist_IMBH2.pdf

pdfTeX warning: pdflatex (file ./Plots/L_J_r_justIMBH_hist_IMBH2.pdf): PDF incl
usion: multiple pdfs with page group included in a single page
>] [31 <./Plots/r_g_J_r_IMBH1.png> <./Plots/r_g_J_r_IMBH2.png> <./Plots/r_g_J_r
_noIMBH1.png> <./Plots/r_g_J_r_noIMBH2.png>]
\openout2 = `Results_discussion.aux'.

 (./Results_discussion.tex
<Plots/J_r_compare_plot.png, id=2513, 1061.28494pt x 345.99263pt>
File: Plots/J_r_compare_plot.png Graphic file (type png)

<use Plots/J_r_compare_plot.png>
Package pdftex.def Info: Plots/J_r_compare_plot.png used on input line 8.
(pdftex.def)             Requested size: 448.13095pt x 146.09198pt.
 [32


 <./Plots/J_r_compare_plot.png>]) [33]
[34

] (./thesis.bbl [35] [36])

Package natbib Warning: There were undefined citations.

Package atveryend Info: Empty hook `BeforeClearDocument' on input line 79.
[37]
Package atveryend Info: Empty hook `AfterLastShipout' on input line 79.
 (./thesis.aux (./ba_titlepage.aux) (./Introduction.aux)
(./Method_theory.aux) (./Analysis.aux) (./Results_discussion.aux))
Package atveryend Info: Executing hook `AtVeryEndDocument' on input line 79.
Package atveryend Info: Executing hook `AtEndAfterFileList' on input line 79.
Package rerunfilecheck Info: File `thesis.out' has not changed.
(rerunfilecheck)             Checksum: 3E7D3B6F67F913F90539E1C88D7F09EA;2260.


LaTeX Warning: There were undefined references.

Package atveryend Info: Empty hook `AtVeryVeryEnd' on input line 79.
 ) 
Here is how much of TeX's memory you used:
 12311 strings out of 493315
 185755 string characters out of 6145893
 415336 words of memory out of 5000000
 15296 multiletter control sequences out of 15000+600000
 20404 words of font info for 54 fonts, out of 8000000 for 9000
 957 hyphenation exceptions out of 8191
 65i,17n,106p,2095b,686s stack positions out of 5000i,500n,10000p,200000b,80000s
{/usr/share/texmf/fonts/enc/dvips/cm-super/cm-super-t1.enc}</usr/share/texmf/
fonts/type1/public/amsfonts/cm/cmex10.pfb></usr/share/texmf/fonts/type1/public/
amsfonts/cm/cmmi10.pfb></usr/share/texmf/fonts/type1/public/amsfonts/cm/cmmi12.
pfb></usr/share/texmf/fonts/type1/public/amsfonts/cm/cmmi6.pfb></usr/share/texm
f/fonts/type1/public/amsfonts/cm/cmmi8.pfb></usr/share/texmf/fonts/type1/public
/amsfonts/cm/cmr10.pfb></usr/share/texmf/fonts/type1/public/amsfonts/cm/cmr12.p
fb></usr/share/texmf/fonts/type1/public/amsfonts/cm/cmr6.pfb></usr/share/texmf/
fonts/type1/public/amsfonts/cm/cmr8.pfb></usr/share/texmf/fonts/type1/public/am
sfonts/cm/cmsy10.pfb></usr/share/texmf/fonts/type1/public/amsfonts/cm/cmsy6.pfb
></usr/share/texmf/fonts/type1/public/amsfonts/cm/cmsy8.pfb></usr/share/texmf/f
onts/type1/public/cm-super/sfbx1200.pfb></usr/share/texmf/fonts/type1/public/cm
-super/sfbx1728.pfb></usr/share/texmf/fonts/type1/public/cm-super/sfrm0800.pfb>
</usr/share/texmf/fonts/type1/public/cm-super/sfrm1095.pfb></usr/share/texmf/fo
nts/type1/public/cm-super/sfrm1200.pfb></usr/share/texmf/fonts/type1/public/cm-
super/sfsx1095.pfb></usr/share/texmf/fonts/type1/public/cm-super/sfsx1200.pfb><
/usr/share/texmf/fonts/type1/public/cm-super/sfsx1440.pfb></usr/share/texmf/fon
ts/type1/public/cm-super/sfsx1728.pfb></usr/share/texmf/fonts/type1/public/cm-s
uper/sfti1200.pfb>
Output written on thesis.pdf (41 pages, 3357564 bytes).
PDF statistics:
 2660 PDF objects out of 2984 (max. 8388607)
 1248 compressed objects within 13 object streams
 159 named destinations out of 1000 (max. 500000)
 461 words of extra memory for PDF output out of 10000 (max. 10000000)

