\BOOKMARK [1][-]{section.1}{Introduction}{}% 1
\BOOKMARK [1][-]{section.2}{Method \046 Theory}{}% 2
\BOOKMARK [2][-]{subsection.2.1}{Stellar population in GC}{section.2}% 3
\BOOKMARK [2][-]{subsection.2.2}{Kinematic profiles of globular clusters}{section.2}% 4
\BOOKMARK [2][-]{subsection.2.3}{Density \046 potential}{section.2}% 5
\BOOKMARK [2][-]{subsection.2.4}{Integrals of motion}{section.2}% 6
\BOOKMARK [2][-]{subsection.2.5}{Orbits \046 orbit integration}{section.2}% 7
\BOOKMARK [2][-]{subsection.2.6}{Actions}{section.2}% 8
\BOOKMARK [1][-]{section.3}{Analysis}{}% 9
\BOOKMARK [2][-]{subsection.3.1}{Description of the simulation}{section.3}% 10
\BOOKMARK [2][-]{subsection.3.2}{Investigation in color magnitude space}{section.3}% 11
\BOOKMARK [2][-]{subsection.3.3}{Investigation in phase space}{section.3}% 12
\BOOKMARK [3][-]{subsubsection.3.3.1}{Kinematics}{subsection.3.3}% 13
\BOOKMARK [3][-]{subsubsection.3.3.2}{Spatial distribution}{subsection.3.3}% 14
\BOOKMARK [2][-]{subsection.3.4}{Investigations of orbits in action space}{section.3}% 15
\BOOKMARK [3][-]{subsubsection.3.4.1}{Orbits \046 actions}{subsection.3.4}% 16
\BOOKMARK [3][-]{subsubsection.3.4.2}{Integral of motions along orbits}{subsection.3.4}% 17
\BOOKMARK [1][-]{section.4}{Results \046 Discussion}{}% 18
\BOOKMARK [2][-]{subsection.4.1}{Signatures of IMBHs in action space}{section.4}% 19
\BOOKMARK [2][-]{subsection.4.2}{Discussion \046 future perspectives}{section.4}% 20
\BOOKMARK [1][-]{section.5}{Conclusion}{}% 21
\BOOKMARK [1][-]{section.6}{Acronyms}{}% 22
